mode: set
github.com/gen4ralz/booking-app/internal/handlers/handlers.go:22.47,24.2 1 1
github.com/gen4ralz/booking-app/internal/handlers/handlers.go:26.31,28.2 1 1
github.com/gen4ralz/booking-app/internal/handlers/handlers.go:30.73,32.2 1 1
github.com/gen4ralz/booking-app/internal/handlers/handlers.go:34.71,37.2 1 1
github.com/gen4ralz/booking-app/internal/handlers/handlers.go:39.75,41.2 1 1
github.com/gen4ralz/booking-app/internal/handlers/handlers.go:43.73,45.2 1 1
github.com/gen4ralz/booking-app/internal/handlers/handlers.go:47.78,56.2 4 1
github.com/gen4ralz/booking-app/internal/handlers/handlers.go:58.82,60.16 2 1
github.com/gen4ralz/booking-app/internal/handlers/handlers.go:65.2,78.19 6 1
github.com/gen4ralz/booking-app/internal/handlers/handlers.go:88.2,89.70 2 1
github.com/gen4ralz/booking-app/internal/handlers/handlers.go:60.16,63.3 2 0
github.com/gen4ralz/booking-app/internal/handlers/handlers.go:78.19,86.3 4 0
github.com/gen4ralz/booking-app/internal/handlers/handlers.go:92.79,94.2 1 1
github.com/gen4ralz/booking-app/internal/handlers/handlers.go:101.83,107.16 3 1
github.com/gen4ralz/booking-app/internal/handlers/handlers.go:111.2,112.17 2 1
github.com/gen4ralz/booking-app/internal/handlers/handlers.go:107.16,110.3 2 0
github.com/gen4ralz/booking-app/internal/handlers/handlers.go:115.83,119.2 3 1
github.com/gen4ralz/booking-app/internal/handlers/handlers.go:121.74,123.2 1 1
github.com/gen4ralz/booking-app/internal/handlers/handlers.go:125.85,128.9 2 1
github.com/gen4ralz/booking-app/internal/handlers/handlers.go:135.2,141.4 4 0
github.com/gen4ralz/booking-app/internal/handlers/handlers.go:128.9,133.3 4 1
